<?xml version="1.0" encoding="UTF-8"?>
<!-- Generated by org.testng.reporters.JUnitXMLReporter -->
<testsuite ignored="0" hostname="LAPTOP-27POKKQI" failures="0" tests="10" name="Default test" time="69.845" errors="0" timestamp="2022-01-09T20:20:14 MST">
  <testcase classname="ExpediaTest.Expediatest" name="Flights" time="0.155"/>
  <testcase classname="ExpediaTest.Expediatest" name="StartPlace" time="11.556"/>
  <testcase classname="ExpediaTest.Expediatest" name="EndPlace" time="6.553"/>
  <testcase classname="ExpediaTest.Expediatest" name="Departing" time="3.258"/>
  <testcase classname="ExpediaTest.Expediatest" name="GoingDate" time="5.249"/>
  <testcase classname="ExpediaTest.Expediatest" name="Donebutton" time="5.106"/>
  <testcase classname="ExpediaTest.Expediatest" name="Returning" time="5.28"/>
  <testcase classname="ExpediaTest.Expediatest" name="ComimgBackDate" time="5.251"/>
  <testcase classname="ExpediaTest.Expediatest" name="Donebutton2" time="5.124"/>
  <testcase classname="ExpediaTest.Expediatest" name="SearchButton" time="6.037"/>
</testsuite> <!-- Default test -->
