<?xml version="1.0" encoding="UTF-8"?>
<testng-results ignored="0" total="10" passed="10" failed="0" skipped="0">
  <reporter-output>
  </reporter-output>
  <suite started-at="2022-01-09T20:19:04 MST" name="Default suite" finished-at="2022-01-09T20:20:14 MST" duration-ms="69845">
    <groups>
    </groups>
    <test started-at="2022-01-09T20:19:04 MST" name="Default test" finished-at="2022-01-09T20:20:14 MST" duration-ms="69845">
      <class name="ExpediaTest.Expediatest">
        <test-method is-config="true" signature="beforeTest()[pri:0, instance:ExpediaTest.Expediatest@3ba9ad43]" started-at="2022-01-09T20:19:04 MST" name="beforeTest" finished-at="2022-01-09T20:19:20 MST" duration-ms="16212" status="PASS">
          <reporter-output>
          </reporter-output>
        </test-method> <!-- beforeTest -->
        <test-method signature="Flights()[pri:1, instance:ExpediaTest.Expediatest@3ba9ad43]" started-at="2022-01-09T20:19:20 MST" name="Flights" finished-at="2022-01-09T20:19:20 MST" duration-ms="155" status="PASS">
          <reporter-output>
          </reporter-output>
        </test-method> <!-- Flights -->
        <test-method signature="StartPlace()[pri:2, instance:ExpediaTest.Expediatest@3ba9ad43]" started-at="2022-01-09T20:19:20 MST" name="StartPlace" finished-at="2022-01-09T20:19:32 MST" duration-ms="11556" status="PASS">
          <reporter-output>
          </reporter-output>
        </test-method> <!-- StartPlace -->
        <test-method signature="EndPlace()[pri:3, instance:ExpediaTest.Expediatest@3ba9ad43]" started-at="2022-01-09T20:19:32 MST" name="EndPlace" finished-at="2022-01-09T20:19:39 MST" duration-ms="6553" status="PASS">
          <reporter-output>
          </reporter-output>
        </test-method> <!-- EndPlace -->
        <test-method signature="Departing()[pri:4, instance:ExpediaTest.Expediatest@3ba9ad43]" started-at="2022-01-09T20:19:39 MST" name="Departing" finished-at="2022-01-09T20:19:42 MST" duration-ms="3258" status="PASS">
          <reporter-output>
          </reporter-output>
        </test-method> <!-- Departing -->
        <test-method signature="GoingDate()[pri:5, instance:ExpediaTest.Expediatest@3ba9ad43]" started-at="2022-01-09T20:19:42 MST" name="GoingDate" finished-at="2022-01-09T20:19:47 MST" duration-ms="5249" status="PASS">
          <reporter-output>
          </reporter-output>
        </test-method> <!-- GoingDate -->
        <test-method signature="Donebutton()[pri:6, instance:ExpediaTest.Expediatest@3ba9ad43]" started-at="2022-01-09T20:19:47 MST" name="Donebutton" finished-at="2022-01-09T20:19:52 MST" duration-ms="5106" status="PASS">
          <reporter-output>
          </reporter-output>
        </test-method> <!-- Donebutton -->
        <test-method signature="Returning()[pri:7, instance:ExpediaTest.Expediatest@3ba9ad43]" started-at="2022-01-09T20:19:52 MST" name="Returning" finished-at="2022-01-09T20:19:57 MST" duration-ms="5280" status="PASS">
          <reporter-output>
          </reporter-output>
        </test-method> <!-- Returning -->
        <test-method signature="ComimgBackDate()[pri:8, instance:ExpediaTest.Expediatest@3ba9ad43]" started-at="2022-01-09T20:19:57 MST" name="ComimgBackDate" finished-at="2022-01-09T20:20:03 MST" duration-ms="5251" status="PASS">
          <reporter-output>
          </reporter-output>
        </test-method> <!-- ComimgBackDate -->
        <test-method signature="Donebutton2()[pri:9, instance:ExpediaTest.Expediatest@3ba9ad43]" started-at="2022-01-09T20:20:03 MST" name="Donebutton2" finished-at="2022-01-09T20:20:08 MST" duration-ms="5124" status="PASS">
          <reporter-output>
          </reporter-output>
        </test-method> <!-- Donebutton2 -->
        <test-method signature="SearchButton()[pri:10, instance:ExpediaTest.Expediatest@3ba9ad43]" started-at="2022-01-09T20:20:08 MST" name="SearchButton" finished-at="2022-01-09T20:20:14 MST" duration-ms="6037" status="PASS">
          <reporter-output>
          </reporter-output>
        </test-method> <!-- SearchButton -->
        <test-method is-config="true" signature="afterTest()[pri:0, instance:ExpediaTest.Expediatest@3ba9ad43]" started-at="2022-01-09T20:20:14 MST" name="afterTest" finished-at="2022-01-09T20:20:14 MST" duration-ms="0" status="PASS">
          <reporter-output>
          </reporter-output>
        </test-method> <!-- afterTest -->
      </class> <!-- ExpediaTest.Expediatest -->
    </test> <!-- Default test -->
  </suite> <!-- Default suite -->
</testng-results>
